# JRE version: OpenJDK Runtime Environment Temurin-17.0.8.1+1 (17.0.8.1+1) (build 17.0.8.1+1)
# Java VM: OpenJDK 64-Bit Server VM Temurin-17.0.8.1+1 (17.0.8.1+1, mixed mode, emulated-client, tiered, compressed oops, compressed class ptrs, g1 gc, windows-amd64)
GC Precious Log:
 CPUs: 2 total, 2 available
 Memory: 3912M
 Large Page Support: Disabled
 NUMA Support: Disabled
 Compressed Oops: Enabled (32-bit)
 Heap Region Size: 1M
 Heap Min Capacity: 8M
 Heap Initial Capacity: 62M
 Heap Max Capacity: 980M
 Pre-touch: Disabled
 Parallel Workers: 2
 Concurrent Workers: 1
 Concurrent Refinement Workers: 2
 Periodic GC: Disabled
Heap:
 garbage-first heap   total 61440K, used 22826K [0x00000000c2c00000, 0x0000000100000000)
  region size 1024K, 7 young (7168K), 2 survivors (2048K)
 Metaspace       used 50853K, committed 51328K, reserved 1114112K
  class space    used 6580K, committed 6848K, reserved 1048576K
GC Heap History (20 events):
Event: 5.892 GC heap before
{Heap before GC invocations=6 (full 0):
 garbage-first heap   total 34816K, used 26309K [0x00000000c2c00000, 0x0000000100000000)
  region size 1024K, 20 young (20480K), 2 survivors (2048K)
 Metaspace       used 25787K, committed 26048K, reserved 1114112K
  class space    used 3041K, committed 3136K, reserved 1048576K
}
Event: 5.901 GC heap after
{Heap after GC invocations=7 (full 0):
 garbage-first heap   total 34816K, used 10252K [0x00000000c2c00000, 0x0000000100000000)
  region size 1024K, 3 young (3072K), 3 survivors (3072K)
 Metaspace       used 25787K, committed 26048K, reserved 1114112K
  class space    used 3041K, committed 3136K, reserved 1048576K
}
Event: 5.924 GC heap before
{Heap before GC invocations=7 (full 0):
 garbage-first heap   total 34816K, used 11276K [0x00000000c2c00000, 0x0000000100000000)
  region size 1024K, 4 young (4096K), 3 survivors (3072K)
 Metaspace       used 25995K, committed 26240K, reserved 1114112K
  class space    used 3068K, committed 3200K, reserved 1048576K
}
Event: 5.931 GC heap after
{Heap after GC invocations=8 (full 0):
 garbage-first heap   total 34816K, used 10368K [0x00000000c2c00000, 0x0000000100000000)
  region size 1024K, 1 young (1024K), 1 survivors (1024K)
 Metaspace       used 25995K, committed 26240K, reserved 1114112K
  class space    used 3068K, committed 3200K, reserved 1048576K
}
Event: 6.460 GC heap before
{Heap before GC invocations=8 (full 0):
 garbage-first heap   total 34816K, used 22656K [0x00000000c2c00000, 0x0000000100000000)
  region size 1024K, 14 young (14336K), 1 survivors (1024K)
 Metaspace       used 27941K, committed 28224K, reserved 1114112K
  class space    used 3348K, committed 3456K, reserved 1048576K
}
Event: 6.464 GC heap after
{Heap after GC invocations=9 (full 0):
 garbage-first heap   total 34816K, used 11401K [0x00000000c2c00000, 0x0000000100000000)
  region size 1024K, 2 young (2048K), 2 survivors (2048K)
 Metaspace       used 27941K, committed 28224K, reserved 1114112K
  class space    used 3348K, committed 3456K, reserved 1048576K
}
Event: 7.085 GC heap before
{Heap before GC invocations=9 (full 0):
 garbage-first heap   total 34816K, used 23689K [0x00000000c2c00000, 0x0000000100000000)
  region size 1024K, 14 young (14336K), 2 survivors (2048K)
 Metaspace       used 28802K, committed 29056K, reserved 1114112K
  class space    used 3475K, committed 3584K, reserved 1048576K
}
Event: 7.090 GC heap after
{Heap after GC invocations=10 (full 0):
 garbage-first heap   total 34816K, used 12332K [0x00000000c2c00000, 0x0000000100000000)
  region size 1024K, 2 young (2048K), 2 survivors (2048K)
 Metaspace       used 28802K, committed 29056K, reserved 1114112K
  class space    used 3475K, committed 3584K, reserved 1048576K
}
Event: 7.648 GC heap before
{Heap before GC invocations=10 (full 0):
 garbage-first heap   total 34816K, used 22572K [0x00000000c2c00000, 0x0000000100000000)
  region size 1024K, 13 young (13312K), 2 survivors (2048K)
 Metaspace       used 30597K, committed 30976K, reserved 1114112K
  class space    used 3730K, committed 3904K, reserved 1048576K
}
Event: 7.653 GC heap after
{Heap after GC invocations=11 (full 0):
 garbage-first heap   total 34816K, used 13030K [0x00000000c2c00000, 0x0000000100000000)
  region size 1024K, 2 young (2048K), 2 survivors (2048K)
 Metaspace       used 30597K, committed 30976K, reserved 1114112K
  class space    used 3730K, committed 3904K, reserved 1048576K
}
Event: 8.192 GC heap before
{Heap before GC invocations=11 (full 0):
 garbage-first heap   total 34816K, used 24294K [0x00000000c2c00000, 0x0000000100000000)
  region size 1024K, 14 young (14336K), 2 survivors (2048K)
 Metaspace       used 32404K, committed 32768K, reserved 1114112K
  class space    used 4024K, committed 4224K, reserved 1048576K
}
Event: 8.200 GC heap after
{Heap after GC invocations=12 (full 0):
 garbage-first heap   total 34816K, used 14222K [0x00000000c2c00000, 0x0000000100000000)
  region size 1024K, 2 young (2048K), 2 survivors (2048K)
 Metaspace       used 32404K, committed 32768K, reserved 1114112K
  class space    used 4024K, committed 4224K, reserved 1048576K
}
Event: 8.771 GC heap before
{Heap before GC invocations=12 (full 0):
 garbage-first heap   total 34816K, used 26510K [0x00000000c2c00000, 0x0000000100000000)
  region size 1024K, 14 young (14336K), 2 survivors (2048K)
 Metaspace       used 34453K, committed 34880K, reserved 1114112K
  class space    used 4372K, committed 4544K, reserved 1048576K
}
Event: 8.780 GC heap after
{Heap after GC invocations=13 (full 0):
 garbage-first heap   total 34816K, used 15665K [0x00000000c2c00000, 0x0000000100000000)
  region size 1024K, 2 young (2048K), 2 survivors (2048K)
 Metaspace       used 34453K, committed 34880K, reserved 1114112K
  class space    used 4372K, committed 4544K, reserved 1048576K
}
Event: 8.990 GC heap before
{Heap before GC invocations=13 (full 0):
 garbage-first heap   total 34816K, used 19761K [0x00000000c2c00000, 0x0000000100000000)
  region size 1024K, 7 young (7168K), 2 survivors (2048K)
 Metaspace       used 35587K, committed 35968K, reserved 1114112K
  class space    used 4484K, committed 4672K, reserved 1048576K
}
Event: 8.997 GC heap after
{Heap after GC invocations=14 (full 0):
 garbage-first heap   total 61440K, used 16133K [0x00000000c2c00000, 0x0000000100000000)
  region size 1024K, 1 young (1024K), 1 survivors (1024K)
 Metaspace       used 35587K, committed 35968K, reserved 1114112K
  class space    used 4484K, committed 4672K, reserved 1048576K
}
Event: 10.850 GC heap before
{Heap before GC invocations=15 (full 0):
 garbage-first heap   total 61440K, used 45829K [0x00000000c2c00000, 0x0000000100000000)
  region size 1024K, 30 young (30720K), 1 survivors (1024K)
 Metaspace       used 41661K, committed 42176K, reserved 1114112K
  class space    used 5331K, committed 5568K, reserved 1048576K
}
Event: 10.858 GC heap after
{Heap after GC invocations=16 (full 0):
 garbage-first heap   total 61440K, used 18339K [0x00000000c2c00000, 0x0000000100000000)
  region size 1024K, 3 young (3072K), 3 survivors (3072K)
 Metaspace       used 41661K, committed 42176K, reserved 1114112K
  class space    used 5331K, committed 5568K, reserved 1048576K
}
Event: 12.567 GC heap before
{Heap before GC invocations=16 (full 0):
 garbage-first heap   total 61440K, used 43939K [0x00000000c2c00000, 0x0000000100000000)
  region size 1024K, 29 young (29696K), 3 survivors (3072K)
 Metaspace       used 49982K, committed 50496K, reserved 1114112K
  class space    used 6439K, committed 6720K, reserved 1048576K
}
Event: 12.578 GC heap after
{Heap after GC invocations=17 (full 0):
 garbage-first heap   total 61440K, used 19754K [0x00000000c2c00000, 0x0000000100000000)
  region size 1024K, 2 young (2048K), 2 survivors (2048K)
 Metaspace       used 49982K, committed 50496K, reserved 1114112K
  class space    used 6439K, committed 6720K, reserved 1048576K
}

